[debug] [2022-06-01T13:44:27.403Z] ----------------------------------------------------------------------
[debug] [2022-06-01T13:44:27.428Z] Command:       C:\Program Files\nodejs\node.exe C:\Users\Administrator\AppData\Roaming\npm\node_modules\firebase-tools\lib\bin\firebase.js emulators:start --import=./saved-data
[debug] [2022-06-01T13:44:27.432Z] CLI Version:   11.0.0
[debug] [2022-06-01T13:44:27.433Z] Platform:      win32
[debug] [2022-06-01T13:44:27.433Z] Node Version:  v16.13.2
[debug] [2022-06-01T13:44:27.456Z] Time:          Wed Jun 01 2022 19:14:27 GMT+0530 (India Standard Time)
[debug] [2022-06-01T13:44:27.461Z] ----------------------------------------------------------------------
[debug] 
[debug] [2022-06-01T13:44:27.705Z] > command requires scopes: ["email","openid","https://www.googleapis.com/auth/cloudplatformprojects.readonly","https://www.googleapis.com/auth/firebase","https://www.googleapis.com/auth/cloud-platform"]
[debug] [2022-06-01T13:44:27.707Z] > authorizing via signed-in user (m.m.muthu1388@gmail.com)
[debug] [2022-06-01T13:44:28.288Z] java version "18.0.1.1" 2022-04-22

[debug] [2022-06-01T13:44:28.289Z] Java(TM) SE Runtime Environment (build 18.0.1.1+2-6)
Java HotSpot(TM) 64-Bit Server VM (build 18.0.1.1+2-6, mixed mode, sharing)

[debug] [2022-06-01T13:44:28.418Z] Parsed Java major version: 18
[info] i  emulators: Starting emulators: auth, firestore, storage {"metadata":{"emulator":{"name":"hub"},"message":"Starting emulators: auth, firestore, storage"}}
[debug] [2022-06-01T13:44:28.567Z] [hub] writing locator at C:\Users\ADMINI~1\AppData\Local\Temp\hub-chatting-app-dd1a5.json
[info] i  firestore: Importing data from D:\Projects\chatting-app\saved-data\firestore_export\firestore_export.overall_export_metadata {"metadata":{"emulator":{"name":"firestore"},"message":"Importing data from D:\\Projects\\chatting-app\\saved-data\\firestore_export\\firestore_export.overall_export_metadata"}}
[debug] [2022-06-01T13:44:28.701Z] Ignoring unsupported arg: projectId {"metadata":{"emulator":{"name":"firestore"},"message":"Ignoring unsupported arg: projectId"}}
[debug] [2022-06-01T13:44:28.702Z] Ignoring unsupported arg: auto_download {"metadata":{"emulator":{"name":"firestore"},"message":"Ignoring unsupported arg: auto_download"}}
[debug] [2022-06-01T13:44:28.702Z] Starting Firestore Emulator with command {"binary":"java","args":["-Dgoogle.cloud_firestore.debug_log_level=FINE","-Duser.language=en","-jar","C:\\Users\\Administrator\\.cache\\firebase\\emulators\\cloud-firestore-emulator-v1.14.3.jar","--host","localhost","--port",8080,"--seed_from_export","D:\\Projects\\chatting-app\\saved-data\\firestore_export\\firestore_export.overall_export_metadata","--rules","D:\\Projects\\chatting-app\\firestore.rules"],"optionalArgs":["port","webchannel_port","host","rules","functions_emulator","seed_from_export"],"joinArgs":false} {"metadata":{"emulator":{"name":"firestore"},"message":"Starting Firestore Emulator with command {\"binary\":\"java\",\"args\":[\"-Dgoogle.cloud_firestore.debug_log_level=FINE\",\"-Duser.language=en\",\"-jar\",\"C:\\\\Users\\\\Administrator\\\\.cache\\\\firebase\\\\emulators\\\\cloud-firestore-emulator-v1.14.3.jar\",\"--host\",\"localhost\",\"--port\",8080,\"--seed_from_export\",\"D:\\\\Projects\\\\chatting-app\\\\saved-data\\\\firestore_export\\\\firestore_export.overall_export_metadata\",\"--rules\",\"D:\\\\Projects\\\\chatting-app\\\\firestore.rules\"],\"optionalArgs\":[\"port\",\"webchannel_port\",\"host\",\"rules\",\"functions_emulator\",\"seed_from_export\"],\"joinArgs\":false}"}}
[info] i  firestore: Firestore Emulator logging to firestore-debug.log {"metadata":{"emulator":{"name":"firestore"},"message":"Firestore Emulator logging to \u001b[1mfirestore-debug.log\u001b[22m"}}
[info] i  auth: Importing config from D:\Projects\chatting-app\saved-data\auth_export\config.json {"metadata":{"emulator":{"name":"database"},"message":"Importing config from D:\\Projects\\chatting-app\\saved-data\\auth_export\\config.json"}}
[info] i  auth: Importing accounts from D:\Projects\chatting-app\saved-data\auth_export\accounts.json {"metadata":{"emulator":{"name":"database"},"message":"Importing accounts from D:\\Projects\\chatting-app\\saved-data\\auth_export\\accounts.json"}}
[debug] [2022-06-01T13:45:25.526Z] Ignoring unsupported arg: port {"metadata":{"emulator":{"name":"storage"},"message":"Ignoring unsupported arg: port"}}
[debug] [2022-06-01T13:45:37.345Z] Temp file directory for storage emulator: C:\Users\ADMINI~1\AppData\Local\Temp/firebase/storage/blobs {"metadata":{"emulator":{"name":"storage"},"message":"Temp file directory for storage emulator: C:\\Users\\ADMINI~1\\AppData\\Local\\Temp/firebase/storage/blobs"}}
[debug] [2022-06-01T13:45:37.407Z] Ignoring unsupported arg: auto_download {"metadata":{"emulator":{"name":"ui"},"message":"Ignoring unsupported arg: auto_download"}}
[debug] [2022-06-01T13:45:37.407Z] Ignoring unsupported arg: port {"metadata":{"emulator":{"name":"ui"},"message":"Ignoring unsupported arg: port"}}
[debug] [2022-06-01T13:45:37.407Z] Starting Emulator UI with command {"binary":"node","args":["--dns-result-order=ipv4first","C:\\Users\\Administrator\\.cache\\firebase\\emulators\\ui-v1.7.0\\server.bundle.js"],"optionalArgs":[],"joinArgs":false} {"metadata":{"emulator":{"name":"ui"},"message":"Starting Emulator UI with command {\"binary\":\"node\",\"args\":[\"--dns-result-order=ipv4first\",\"C:\\\\Users\\\\Administrator\\\\.cache\\\\firebase\\\\emulators\\\\ui-v1.7.0\\\\server.bundle.js\"],\"optionalArgs\":[],\"joinArgs\":false}"}}
[info] i  ui: Emulator UI logging to ui-debug.log {"metadata":{"emulator":{"name":"ui"},"message":"Emulator UI logging to \u001b[1mui-debug.log\u001b[22m"}}
[debug] [2022-06-01T13:45:40.486Z] Web / API server started at localhost:4000
 {"metadata":{"emulator":{"name":"ui"},"message":"Web / API server started at localhost:4000\n"}}
[info] 
┌─────────────────────────────────────────────────────────────┐
│ ✔  All emulators ready! It is now safe to connect your app. │
│ i  View Emulator UI at http://localhost:4000                │
└─────────────────────────────────────────────────────────────┘

┌────────────────┬────────────────┬─────────────────────────────────┐
│ Emulator       │ Host:Port      │ View in Emulator UI             │
├────────────────┼────────────────┼─────────────────────────────────┤
│ Authentication │ localhost:9099 │ http://localhost:4000/auth      │
├────────────────┼────────────────┼─────────────────────────────────┤
│ Firestore      │ localhost:8080 │ http://localhost:4000/firestore │
├────────────────┼────────────────┼─────────────────────────────────┤
│ Storage        │ localhost:9199 │ http://localhost:4000/storage   │
└────────────────┴────────────────┴─────────────────────────────────┘
  Emulator Hub running at localhost:4400
  Other reserved ports: 4500

Issues? Report them at https://github.com/firebase/firebase-tools/issues and attach the *-debug.log files.
 
